---------------------------------------------------------------
[ 2022-05-06T20:28:33+08:00 ] 42.236.10.114 GET chat.profittravel.com/
[运行时间：0.087427s] [吞吐率：11.44req/s] [内存消耗：2,586.82kb] [文件加载：64]
[ info ] [ CACHE ] INIT File
[ info ] [ BEHAVIOR ] Run Closure @app_init [ RunTime:0.005978s ]
[ info ] [ LANG ] /data/wwwroot/dev/chat.profittravel.com/thinkphp/lang/zh-cn.php
[ info ] [ ROUTE ] array (
  'type' => 'module',
  'module' => 
  array (
    0 => '',
    1 => NULL,
    2 => NULL,
  ),
)
[ info ] [ HEADER ] array (
  'accept-encoding' => 'gzip, deflate',
  'referer' => 'http://baidu.com/',
  'accept' => 'text/html,application/xhtml+xml,application/xml;q=0.9,image/webp,image/apng,*/*;q=0.8',
  'user-agent' => 'Mozilla/5.0 (Linux; U; Android 8.0.0; zh-cn; Mi Note 2 Build/OPR1.170623.032) AppleWebKit/537.36 (KHTML, like Gecko) Version/4.0 Chrome/61.0.3163.128 Mobile Safari/537.36 XiaoMi/MiuiBrowser/10.1.1',
  'upgrade-insecure-requests' => '1',
  'cache-control' => 'no-cache',
  'pragma' => 'no-cache',
  'connection' => 'keep-alive',
  'host' => 'chat.profittravel.com',
  'content-length' => '',
  'content-type' => '',
)
[ info ] [ PARAM ] array (
)
[ info ] [ BEHAVIOR ] Run Closure @action_begin [ RunTime:0.000426s ]
[ info ] [ RUN ] app\index\controller\Index->index[ /data/wwwroot/dev/chat.profittravel.com/application/index/controller/Index.php ]
[ info ] [ LOG ] INIT File
---------------------------------------------------------------
[ 2022-05-06T20:28:39+08:00 ] 27.115.124.70 GET chat.profittravel.com/
[运行时间：0.015183s] [吞吐率：65.86req/s] [内存消耗：2,586.84kb] [文件加载：64]
[ info ] [ CACHE ] INIT File
[ info ] [ BEHAVIOR ] Run Closure @app_init [ RunTime:0.001005s ]
[ info ] [ LANG ] /data/wwwroot/dev/chat.profittravel.com/thinkphp/lang/zh-cn.php
[ info ] [ ROUTE ] array (
  'type' => 'module',
  'module' => 
  array (
    0 => '',
    1 => NULL,
    2 => NULL,
  ),
)
[ info ] [ HEADER ] array (
  'accept-encoding' => 'gzip, deflate',
  'referer' => 'http://baidu.com/',
  'accept' => 'text/html,application/xhtml+xml,application/xml;q=0.9,image/webp,image/apng,*/*;q=0.8',
  'user-agent' => 'Mozilla/5.0 (Linux; U; Android 8.0.0; zh-cn; Mi Note 2 Build/OPR1.170623.032) AppleWebKit/537.36 (KHTML, like Gecko) Version/4.0 Chrome/61.0.3163.128 Mobile Safari/537.36 XiaoMi/MiuiBrowser/10.1.1',
  'upgrade-insecure-requests' => '1',
  'cache-control' => 'no-cache',
  'pragma' => 'no-cache',
  'connection' => 'keep-alive',
  'host' => 'chat.profittravel.com',
  'content-length' => '',
  'content-type' => '',
)
[ info ] [ PARAM ] array (
)
[ info ] [ BEHAVIOR ] Run Closure @action_begin [ RunTime:0.000091s ]
[ info ] [ RUN ] app\index\controller\Index->index[ /data/wwwroot/dev/chat.profittravel.com/application/index/controller/Index.php ]
[ info ] [ LOG ] INIT File
